<?xml version="1.0" encoding="UTF-8"?>
<testsuite name="com.galvanize.japdemo.CustomerDBTest" tests="2" skipped="0" failures="0" errors="0" timestamp="2020-03-26T13:00:13" hostname="LAPTOP-IE0DSAIR" time="0.345">
  <properties/>
  <testcase name="canLinkCustomerWithAccountAndCreditCard()" classname="com.galvanize.japdemo.CustomerDBTest" time="0.337"/>
  <testcase name="canSaveACustomer()" classname="com.galvanize.japdemo.CustomerDBTest" time="0.006"/>
  <system-out><![CDATA[14:00:07.365 [Test worker] DEBUG org.springframework.test.context.BootstrapUtils - Instantiating CacheAwareContextLoaderDelegate from class [org.springframework.test.context.cache.DefaultCacheAwareContextLoaderDelegate]
14:00:07.381 [Test worker] DEBUG org.springframework.test.context.BootstrapUtils - Instantiating BootstrapContext using constructor [public org.springframework.test.context.support.DefaultBootstrapContext(java.lang.Class,org.springframework.test.context.CacheAwareContextLoaderDelegate)]
14:00:07.411 [Test worker] DEBUG org.springframework.test.context.BootstrapUtils - Instantiating TestContextBootstrapper for test class [com.galvanize.japdemo.CustomerDBTest] from class [org.springframework.boot.test.context.SpringBootTestContextBootstrapper]
14:00:07.439 [Test worker] INFO org.springframework.boot.test.context.SpringBootTestContextBootstrapper - Neither @ContextConfiguration nor @ContextHierarchy found for test class [com.galvanize.japdemo.CustomerDBTest], using SpringBootContextLoader
14:00:07.445 [Test worker] DEBUG org.springframework.test.context.support.AbstractContextLoader - Did not detect default resource location for test class [com.galvanize.japdemo.CustomerDBTest]: class path resource [com/galvanize/japdemo/CustomerDBTest-context.xml] does not exist
14:00:07.445 [Test worker] DEBUG org.springframework.test.context.support.AbstractContextLoader - Did not detect default resource location for test class [com.galvanize.japdemo.CustomerDBTest]: class path resource [com/galvanize/japdemo/CustomerDBTestContext.groovy] does not exist
14:00:07.446 [Test worker] INFO org.springframework.test.context.support.AbstractContextLoader - Could not detect default resource locations for test class [com.galvanize.japdemo.CustomerDBTest]: no resource found for suffixes {-context.xml, Context.groovy}.
14:00:07.446 [Test worker] INFO org.springframework.test.context.support.AnnotationConfigContextLoaderUtils - Could not detect default configuration classes for test class [com.galvanize.japdemo.CustomerDBTest]: CustomerDBTest does not declare any static, non-private, non-final, nested classes annotated with @Configuration.
14:00:07.484 [Test worker] DEBUG org.springframework.test.context.support.ActiveProfilesUtils - Could not find an 'annotation declaring class' for annotation type [org.springframework.test.context.ActiveProfiles] and class [com.galvanize.japdemo.CustomerDBTest]
14:00:07.579 [Test worker] DEBUG org.springframework.context.annotation.ClassPathScanningCandidateComponentProvider - Identified candidate component class: file [C:\Users\david\00_Home\01_projects\galvanize\jpa-demo\jap-demo\build\classes\java\main\com\galvanize\japdemo\DemoApplication.class]
14:00:07.582 [Test worker] INFO org.springframework.boot.test.context.SpringBootTestContextBootstrapper - Found @SpringBootConfiguration com.galvanize.japdemo.DemoApplication for test class com.galvanize.japdemo.CustomerDBTest
14:00:07.706 [Test worker] DEBUG org.springframework.boot.test.context.SpringBootTestContextBootstrapper - @TestExecutionListeners is not present for class [com.galvanize.japdemo.CustomerDBTest]: using defaults.
14:00:07.707 [Test worker] INFO org.springframework.boot.test.context.SpringBootTestContextBootstrapper - Loaded default TestExecutionListener class names from location [META-INF/spring.factories]: [org.springframework.boot.test.autoconfigure.restdocs.RestDocsTestExecutionListener, org.springframework.boot.test.autoconfigure.web.client.MockRestServiceServerResetTestExecutionListener, org.springframework.boot.test.autoconfigure.web.servlet.MockMvcPrintOnlyOnFailureTestExecutionListener, org.springframework.boot.test.autoconfigure.web.servlet.WebDriverTestExecutionListener, org.springframework.boot.test.mock.mockito.MockitoTestExecutionListener, org.springframework.boot.test.mock.mockito.ResetMocksTestExecutionListener, org.springframework.test.context.web.ServletTestExecutionListener, org.springframework.test.context.support.DirtiesContextBeforeModesTestExecutionListener, org.springframework.test.context.support.DependencyInjectionTestExecutionListener, org.springframework.test.context.support.DirtiesContextTestExecutionListener, org.springframework.test.context.transaction.TransactionalTestExecutionListener, org.springframework.test.context.jdbc.SqlScriptsTestExecutionListener, org.springframework.test.context.event.EventPublishingTestExecutionListener]
14:00:07.728 [Test worker] INFO org.springframework.boot.test.context.SpringBootTestContextBootstrapper - Using TestExecutionListeners: [org.springframework.test.context.web.ServletTestExecutionListener@3809898f, org.springframework.test.context.support.DirtiesContextBeforeModesTestExecutionListener@5b61af37, org.springframework.boot.test.mock.mockito.MockitoTestExecutionListener@6e680f87, org.springframework.boot.test.autoconfigure.SpringBootDependencyInjectionTestExecutionListener@6c4cc5d7, org.springframework.test.context.support.DirtiesContextTestExecutionListener@18fd7c20, org.springframework.test.context.transaction.TransactionalTestExecutionListener@4e33601f, org.springframework.test.context.jdbc.SqlScriptsTestExecutionListener@60094a69, org.springframework.test.context.event.EventPublishingTestExecutionListener@6a6159c2, org.springframework.boot.test.autoconfigure.restdocs.RestDocsTestExecutionListener@190e34d2, org.springframework.boot.test.autoconfigure.web.client.MockRestServiceServerResetTestExecutionListener@4ce89c74, org.springframework.boot.test.autoconfigure.web.servlet.MockMvcPrintOnlyOnFailureTestExecutionListener@6698dd82, org.springframework.boot.test.autoconfigure.web.servlet.WebDriverTestExecutionListener@65727da, org.springframework.boot.test.mock.mockito.ResetMocksTestExecutionListener@6e973b66]
14:00:07.733 [Test worker] DEBUG org.springframework.test.context.support.AbstractDirtiesContextTestExecutionListener - Before test class: context [DefaultTestContext@41df400c testClass = CustomerDBTest, testInstance = [null], testMethod = [null], testException = [null], mergedContextConfiguration = [WebMergedContextConfiguration@373de9d1 testClass = CustomerDBTest, locations = '{}', classes = '{class com.galvanize.japdemo.DemoApplication}', contextInitializerClasses = '[]', activeProfiles = '{}', propertySourceLocations = '{}', propertySourceProperties = '{org.springframework.boot.test.context.SpringBootTestContextBootstrapper=true}', contextCustomizers = set[org.springframework.boot.test.autoconfigure.properties.PropertyMappingContextCustomizer@0, org.springframework.boot.test.autoconfigure.web.servlet.WebDriverContextCustomizerFactory$Customizer@3bcc680b, org.springframework.boot.test.context.filter.ExcludeFilterContextCustomizer@3fd04b6a, org.springframework.boot.test.json.DuplicateJsonObjectContextCustomizerFactory$DuplicateJsonObjectContextCustomizer@10f695f2, org.springframework.boot.test.mock.mockito.MockitoContextCustomizer@0, org.springframework.boot.test.web.client.TestRestTemplateContextCustomizer@7c387558], resourceBasePath = 'src/main/webapp', contextLoader = 'org.springframework.boot.test.context.SpringBootContextLoader', parent = [null]], attributes = map['org.springframework.test.context.web.ServletTestExecutionListener.activateListener' -> true]], class annotated with @DirtiesContext [false] with mode [null].
14:00:07.768 [Test worker] DEBUG org.springframework.test.context.support.TestPropertySourceUtils - Adding inlined properties to environment: {spring.jmx.enabled=false, org.springframework.boot.test.context.SpringBootTestContextBootstrapper=true, server.port=-1}

  .   ____          _            __ _ _
 /\\ / ___'_ __ _ _(_)_ __  __ _ \ \ \ \
( ( )\___ | '_ | '_| | '_ \/ _` | \ \ \ \
 \\/  ___)| |_)| | | | | || (_| |  ) ) ) )
  '  |____| .__|_| |_|_| |_\__, | / / / /
 =========|_|==============|___/=/_/_/_/
 :: Spring Boot ::        (v2.2.5.RELEASE)

2020-03-26 14:00:08.206  INFO 19668 --- [    Test worker] com.galvanize.japdemo.CustomerDBTest     : Starting CustomerDBTest on LAPTOP-IE0DSAIR with PID 19668 (started by david in C:\Users\david\00_Home\01_projects\galvanize\jpa-demo\jap-demo)
2020-03-26 14:00:08.209  INFO 19668 --- [    Test worker] com.galvanize.japdemo.CustomerDBTest     : No active profile set, falling back to default profiles: default
2020-03-26 14:00:09.119  INFO 19668 --- [    Test worker] .s.d.r.c.RepositoryConfigurationDelegate : Bootstrapping Spring Data JPA repositories in DEFAULT mode.
2020-03-26 14:00:09.213  INFO 19668 --- [    Test worker] .s.d.r.c.RepositoryConfigurationDelegate : Finished Spring Data repository scanning in 82ms. Found 2 JPA repository interfaces.
2020-03-26 14:00:09.846  INFO 19668 --- [    Test worker] com.zaxxer.hikari.HikariDataSource       : HikariPool-1 - Starting...
2020-03-26 14:00:10.104  INFO 19668 --- [    Test worker] com.zaxxer.hikari.HikariDataSource       : HikariPool-1 - Start completed.
2020-03-26 14:00:10.200  INFO 19668 --- [    Test worker] o.hibernate.jpa.internal.util.LogHelper  : HHH000204: Processing PersistenceUnitInfo [name: default]
2020-03-26 14:00:10.303  INFO 19668 --- [    Test worker] org.hibernate.Version                    : HHH000412: Hibernate ORM core version 5.4.12.Final
2020-03-26 14:00:10.526  INFO 19668 --- [    Test worker] o.hibernate.annotations.common.Version   : HCANN000001: Hibernate Commons Annotations {5.1.0.Final}
2020-03-26 14:00:10.714  INFO 19668 --- [    Test worker] org.hibernate.dialect.Dialect            : HHH000400: Using dialect: org.hibernate.dialect.H2Dialect
Hibernate: drop table account if exists
Hibernate: drop table account_credit_cards if exists
Hibernate: drop table credit_card if exists
Hibernate: drop table customer if exists
Hibernate: drop sequence if exists hibernate_sequence
Hibernate: create sequence hibernate_sequence start with 1 increment by 1
Hibernate: create table account (id bigint not null, account_number varchar(255), primary key (id))
Hibernate: create table account_credit_cards (account_id bigint not null, credit_cards_id bigint not null, primary key (account_id, credit_cards_id))
Hibernate: create table credit_card (id bigint not null, number varchar(255), type varchar(255), primary key (id))
Hibernate: create table customer (id bigint not null, email varchar(255), firstname varchar(255), lastname varchar(255), account_id bigint, primary key (id))
Hibernate: alter table account_credit_cards add constraint UK_b0tk2gq9bk6cggk5c4d33g3y4 unique (credit_cards_id)
Hibernate: alter table account_credit_cards add constraint FK9j2d59tomf2r8c7jee0xf73rx foreign key (credit_cards_id) references credit_card
Hibernate: alter table account_credit_cards add constraint FKn1m8mpxful5qke3mggw7gt35v foreign key (account_id) references account
Hibernate: alter table customer add constraint FKn9x2k8svpxj3r328iy1rpur83 foreign key (account_id) references account
2020-03-26 14:00:11.647  INFO 19668 --- [    Test worker] o.h.e.t.j.p.i.JtaPlatformInitiator       : HHH000490: Using JtaPlatform implementation: [org.hibernate.engine.transaction.jta.platform.internal.NoJtaPlatform]
2020-03-26 14:00:11.655  INFO 19668 --- [    Test worker] j.LocalContainerEntityManagerFactoryBean : Initialized JPA EntityManagerFactory for persistence unit 'default'
2020-03-26 14:00:11.952  WARN 19668 --- [    Test worker] JpaBaseConfiguration$JpaWebConfiguration : spring.jpa.open-in-view is enabled by default. Therefore, database queries may be performed during view rendering. Explicitly configure spring.jpa.open-in-view to disable this warning
2020-03-26 14:00:12.774  INFO 19668 --- [    Test worker] o.s.s.concurrent.ThreadPoolTaskExecutor  : Initializing ExecutorService 'applicationTaskExecutor'
2020-03-26 14:00:13.230  INFO 19668 --- [    Test worker] com.galvanize.japdemo.CustomerDBTest     : Started CustomerDBTest in 5.45 seconds (JVM running for 6.993)
Hibernate: call next value for hibernate_sequence
Hibernate: call next value for hibernate_sequence
Hibernate: call next value for hibernate_sequence
Hibernate: insert into account (account_number, id) values (?, ?)
Hibernate: insert into credit_card (number, type, id) values (?, ?, ?)
Hibernate: insert into customer (account_id, email, firstname, lastname, id) values (?, ?, ?, ?, ?)
Hibernate: insert into account_credit_cards (account_id, credit_cards_id) values (?, ?)
Hibernate: select customer0_.id as id1_3_0_, customer0_.account_id as account_5_3_0_, customer0_.email as email2_3_0_, customer0_.firstname as firstnam3_3_0_, customer0_.lastname as lastname4_3_0_, account1_.id as id1_0_1_, account1_.account_number as account_2_0_1_, creditcard2_.account_id as account_1_1_2_, creditcard3_.id as credit_c2_1_2_, creditcard3_.id as id1_2_3_, creditcard3_.number as number2_2_3_, creditcard3_.type as type3_2_3_ from customer customer0_ left outer join account account1_ on customer0_.account_id=account1_.id left outer join account_credit_cards creditcard2_ on account1_.id=creditcard2_.account_id left outer join credit_card creditcard3_ on creditcard2_.credit_cards_id=creditcard3_.id where customer0_.id=?
Hibernate: call next value for hibernate_sequence
Hibernate: insert into customer (account_id, email, firstname, lastname, id) values (?, ?, ?, ?, ?)
Hibernate: select customer0_.id as id1_3_0_, customer0_.account_id as account_5_3_0_, customer0_.email as email2_3_0_, customer0_.firstname as firstnam3_3_0_, customer0_.lastname as lastname4_3_0_, account1_.id as id1_0_1_, account1_.account_number as account_2_0_1_, creditcard2_.account_id as account_1_1_2_, creditcard3_.id as credit_c2_1_2_, creditcard3_.id as id1_2_3_, creditcard3_.number as number2_2_3_, creditcard3_.type as type3_2_3_ from customer customer0_ left outer join account account1_ on customer0_.account_id=account1_.id left outer join account_credit_cards creditcard2_ on account1_.id=creditcard2_.account_id left outer join credit_card creditcard3_ on creditcard2_.credit_cards_id=creditcard3_.id where customer0_.id=?
]]></system-out>
  <system-err><![CDATA[]]></system-err>
</testsuite>
