<?xml version="1.0" encoding="UTF-8"?>
<testsuite name="com.galvanize.japdemo.DemoApplicationTests" tests="1" skipped="0" failures="0" errors="0" timestamp="2020-03-26T13:00:13" hostname="LAPTOP-IE0DSAIR" time="0.004">
  <properties/>
  <testcase name="contextLoads()" classname="com.galvanize.japdemo.DemoApplicationTests" time="0.004"/>
  <system-out><![CDATA[2020-03-26 14:00:13.605  INFO 19668 --- [    Test worker] .b.t.c.SpringBootTestContextBootstrapper : Neither @ContextConfiguration nor @ContextHierarchy found for test class [com.galvanize.japdemo.DemoApplicationTests], using SpringBootContextLoader
2020-03-26 14:00:13.606  INFO 19668 --- [    Test worker] o.s.t.c.support.AbstractContextLoader    : Could not detect default resource locations for test class [com.galvanize.japdemo.DemoApplicationTests]: no resource found for suffixes {-context.xml, Context.groovy}.
2020-03-26 14:00:13.607  INFO 19668 --- [    Test worker] t.c.s.AnnotationConfigContextLoaderUtils : Could not detect default configuration classes for test class [com.galvanize.japdemo.DemoApplicationTests]: DemoApplicationTests does not declare any static, non-private, non-final, nested classes annotated with @Configuration.
2020-03-26 14:00:13.609  INFO 19668 --- [    Test worker] .b.t.c.SpringBootTestContextBootstrapper : Found @SpringBootConfiguration com.galvanize.japdemo.DemoApplication for test class com.galvanize.japdemo.DemoApplicationTests
2020-03-26 14:00:13.610  INFO 19668 --- [    Test worker] .b.t.c.SpringBootTestContextBootstrapper : Loaded default TestExecutionListener class names from location [META-INF/spring.factories]: [org.springframework.boot.test.autoconfigure.restdocs.RestDocsTestExecutionListener, org.springframework.boot.test.autoconfigure.web.client.MockRestServiceServerResetTestExecutionListener, org.springframework.boot.test.autoconfigure.web.servlet.MockMvcPrintOnlyOnFailureTestExecutionListener, org.springframework.boot.test.autoconfigure.web.servlet.WebDriverTestExecutionListener, org.springframework.boot.test.mock.mockito.MockitoTestExecutionListener, org.springframework.boot.test.mock.mockito.ResetMocksTestExecutionListener, org.springframework.test.context.web.ServletTestExecutionListener, org.springframework.test.context.support.DirtiesContextBeforeModesTestExecutionListener, org.springframework.test.context.support.DependencyInjectionTestExecutionListener, org.springframework.test.context.support.DirtiesContextTestExecutionListener, org.springframework.test.context.transaction.TransactionalTestExecutionListener, org.springframework.test.context.jdbc.SqlScriptsTestExecutionListener, org.springframework.test.context.event.EventPublishingTestExecutionListener]
2020-03-26 14:00:13.611  INFO 19668 --- [    Test worker] .b.t.c.SpringBootTestContextBootstrapper : Using TestExecutionListeners: [org.springframework.test.context.web.ServletTestExecutionListener@238e462a, org.springframework.test.context.support.DirtiesContextBeforeModesTestExecutionListener@546fc1d8, org.springframework.boot.test.mock.mockito.MockitoTestExecutionListener@dcbb7e7, org.springframework.boot.test.autoconfigure.SpringBootDependencyInjectionTestExecutionListener@7d4f4c9b, org.springframework.test.context.support.DirtiesContextTestExecutionListener@2ca1fa0e, org.springframework.test.context.transaction.TransactionalTestExecutionListener@66a8f43, org.springframework.test.context.jdbc.SqlScriptsTestExecutionListener@564e74e6, org.springframework.test.context.event.EventPublishingTestExecutionListener@51e2c120, org.springframework.boot.test.autoconfigure.restdocs.RestDocsTestExecutionListener@72302098, org.springframework.boot.test.autoconfigure.web.client.MockRestServiceServerResetTestExecutionListener@2072a90a, org.springframework.boot.test.autoconfigure.web.servlet.MockMvcPrintOnlyOnFailureTestExecutionListener@5be00a6, org.springframework.boot.test.autoconfigure.web.servlet.WebDriverTestExecutionListener@42922af0, org.springframework.boot.test.mock.mockito.ResetMocksTestExecutionListener@3155e6da]
]]></system-out>
  <system-err><![CDATA[]]></system-err>
</testsuite>
